<?xml version="1.0" encoding="UTF-8"?>
<!-- Generated by org.testng.reporters.JUnitXMLReporter -->
<testsuite ignored="0" hostname="LAPTOP-R0LDLEQH" failures="0" tests="3" name="Test" time="72.18" errors="0" timestamp="2024-08-04T17:05:57 IST">
  <testcase classname="com.tenableProject.Test.TC_01Verify_Top_Menus_Displayed" name="verify_Top_Level_Menus" time="0.508"/>
  <testcase classname="com.tenableProject.Test.TC_02Verify_RequestDemo_Btn_Displayed_For_Menus" name="verify_RequestDemo_Btn_Displyayed" time="0.269"/>
  <testcase classname="com.tenableProject.Test.TC_03Verify_ErrorMessage" name="verify_ErrorMessage" time="3.656"/>
</testsuite> <!-- Test -->
