<?xml version="1.0" encoding="UTF-8"?>
<testng-results ignored="0" total="3" passed="3" failed="0" skipped="0">
  <reporter-output>
  </reporter-output>
  <suite started-at="2024-08-04T17:04:43 IST" name="Suite" finished-at="2024-08-04T17:05:55 IST" duration-ms="72180">
    <groups>
    </groups>
    <test started-at="2024-08-04T17:04:43 IST" name="Test" finished-at="2024-08-04T17:05:55 IST" duration-ms="72180">
      <class name="com.tenableProject.Test.TC_01Verify_Top_Menus_Displayed">
        <test-method is-config="true" signature="setUp()[pri:0, instance:com.tenableProject.Test.TC_01Verify_Top_Menus_Displayed@4c402120]" started-at="2024-08-04T17:04:43 IST" name="setUp" finished-at="2024-08-04T17:05:03 IST" duration-ms="19283" status="PASS">
          <reporter-output>
          </reporter-output>
        </test-method> <!-- setUp -->
        <test-method signature="verify_Top_Level_Menus()[pri:0, instance:com.tenableProject.Test.TC_01Verify_Top_Menus_Displayed@4c402120]" started-at="2024-08-04T17:05:03 IST" name="verify_Top_Level_Menus" finished-at="2024-08-04T17:05:03 IST" duration-ms="508" status="PASS">
          <reporter-output>
          </reporter-output>
        </test-method> <!-- verify_Top_Level_Menus -->
        <test-method is-config="true" signature="tearDown()[pri:0, instance:com.tenableProject.Test.TC_01Verify_Top_Menus_Displayed@4c402120]" started-at="2024-08-04T17:05:03 IST" name="tearDown" finished-at="2024-08-04T17:05:04 IST" duration-ms="236" status="PASS">
          <reporter-output>
          </reporter-output>
        </test-method> <!-- tearDown -->
      </class> <!-- com.tenableProject.Test.TC_01Verify_Top_Menus_Displayed -->
      <class name="com.tenableProject.Test.TC_03Verify_ErrorMessage">
        <test-method is-config="true" signature="setUp()[pri:0, instance:com.tenableProject.Test.TC_03Verify_ErrorMessage@5b12b668]" started-at="2024-08-04T17:05:26 IST" name="setUp" finished-at="2024-08-04T17:05:51 IST" duration-ms="25365" status="PASS">
          <reporter-output>
          </reporter-output>
        </test-method> <!-- setUp -->
        <test-method signature="verify_ErrorMessage()[pri:0, instance:com.tenableProject.Test.TC_03Verify_ErrorMessage@5b12b668]" started-at="2024-08-04T17:05:51 IST" name="verify_ErrorMessage" finished-at="2024-08-04T17:05:55 IST" duration-ms="3656" status="PASS">
          <reporter-output>
          </reporter-output>
        </test-method> <!-- verify_ErrorMessage -->
        <test-method is-config="true" signature="tearDown()[pri:0, instance:com.tenableProject.Test.TC_03Verify_ErrorMessage@5b12b668]" started-at="2024-08-04T17:05:55 IST" name="tearDown" finished-at="2024-08-04T17:05:55 IST" duration-ms="275" status="PASS">
          <reporter-output>
          </reporter-output>
        </test-method> <!-- tearDown -->
      </class> <!-- com.tenableProject.Test.TC_03Verify_ErrorMessage -->
      <class name="com.tenableProject.Test.TC_02Verify_RequestDemo_Btn_Displayed_For_Menus">
        <test-method is-config="true" signature="setUp()[pri:0, instance:com.tenableProject.Test.TC_02Verify_RequestDemo_Btn_Displayed_For_Menus@327514f]" started-at="2024-08-04T17:05:04 IST" name="setUp" finished-at="2024-08-04T17:05:26 IST" duration-ms="22010" status="PASS">
          <reporter-output>
          </reporter-output>
        </test-method> <!-- setUp -->
        <test-method signature="verify_RequestDemo_Btn_Displyayed()[pri:0, instance:com.tenableProject.Test.TC_02Verify_RequestDemo_Btn_Displayed_For_Menus@327514f]" started-at="2024-08-04T17:05:26 IST" name="verify_RequestDemo_Btn_Displyayed" finished-at="2024-08-04T17:05:26 IST" duration-ms="269" status="PASS">
          <reporter-output>
          </reporter-output>
        </test-method> <!-- verify_RequestDemo_Btn_Displyayed -->
        <test-method is-config="true" signature="tearDown()[pri:0, instance:com.tenableProject.Test.TC_02Verify_RequestDemo_Btn_Displayed_For_Menus@327514f]" started-at="2024-08-04T17:05:26 IST" name="tearDown" finished-at="2024-08-04T17:05:26 IST" duration-ms="192" status="PASS">
          <reporter-output>
          </reporter-output>
        </test-method> <!-- tearDown -->
      </class> <!-- com.tenableProject.Test.TC_02Verify_RequestDemo_Btn_Displayed_For_Menus -->
    </test> <!-- Test -->
  </suite> <!-- Suite -->
</testng-results>
